<?xml version="1.0" encoding="UTF-8"?>
<!-- Generated by org.testng.reporters.JUnitXMLReporter -->
<testsuite ignored="4" hostname="LAPTOP-RATHPUUI" failures="0" tests="1" name="Test" time="24.286" errors="0" timestamp="2025-07-28T19:49:26 IST">
  <testcase classname="Campaign.CampaignTest" name="createCampaignWithExpectedDateTest" time="10.683"/>
  <testcase classname="BaseTest.BaseClass" name="@AfterSuite afterSuite" time="0.0">
    <ignored/>
  </testcase> <!-- @AfterSuite afterSuite -->
  <testcase classname="Product.ProductTest" name="productCreationTest" time="0.0">
    <ignored/>
  </testcase> <!-- productCreationTest -->
  <testcase classname="Campaign.CampaignTest" name="createCampaignTest" time="0.0">
    <ignored/>
  </testcase> <!-- createCampaignTest -->
  <testcase classname="BaseTest.BaseClass" name="@BeforeSuite beforeSuite" time="0.0">
    <ignored/>
  </testcase> <!-- @BeforeSuite beforeSuite -->
</testsuite> <!-- Test -->
