<?xml version="1.0" encoding="UTF-8"?>
<testng-results ignored="0" total="2" passed="2" failed="0" skipped="0">
  <reporter-output>
  </reporter-output>
  <suite started-at="2025-08-12T15:57:06 IST" name="Default suite" finished-at="2025-08-12T15:57:39 IST" duration-ms="32395">
    <groups>
      <group name="regression">
        <method signature="CampaignTest.createCampaignWithExpectedDate()[pri:0, instance:Campaign.CampaignTest@78e4deb0]" name="createCampaignWithExpectedDate" class="Campaign.CampaignTest"/>
      </group> <!-- regression -->
      <group name="smoke">
        <method signature="CampaignTest.createCampaignTest()[pri:0, instance:Campaign.CampaignTest@78e4deb0]" name="createCampaignTest" class="Campaign.CampaignTest"/>
      </group> <!-- smoke -->
    </groups>
    <test started-at="2025-08-12T15:57:06 IST" name="Default test" finished-at="2025-08-12T15:57:39 IST" duration-ms="32395">
      <class name="Campaign.CampaignTest">
        <test-method is-config="true" signature="beforeSuite()[pri:0, instance:Campaign.CampaignTest@78e4deb0]" started-at="2025-08-12T15:57:06 IST" name="beforeSuite" finished-at="2025-08-12T15:57:06 IST" duration-ms="14" status="PASS">
          <reporter-output>
          </reporter-output>
        </test-method> <!-- beforeSuite -->
        <test-method is-config="true" signature="beforeClass()[pri:0, instance:Campaign.CampaignTest@78e4deb0]" started-at="2025-08-12T15:57:06 IST" name="beforeClass" finished-at="2025-08-12T15:57:09 IST" duration-ms="2828" status="PASS">
          <reporter-output>
          </reporter-output>
        </test-method> <!-- beforeClass -->
        <test-method is-config="true" signature="beforeMethod()[pri:0, instance:Campaign.CampaignTest@78e4deb0]" started-at="2025-08-12T15:57:09 IST" name="beforeMethod" finished-at="2025-08-12T15:57:14 IST" duration-ms="4158" status="PASS">
          <reporter-output>
          </reporter-output>
        </test-method> <!-- beforeMethod -->
        <test-method signature="createCampaignTest()[pri:0, instance:Campaign.CampaignTest@78e4deb0]" started-at="2025-08-12T15:57:14 IST" name="createCampaignTest" finished-at="2025-08-12T15:57:24 IST" duration-ms="10726" status="PASS">
          <reporter-output>
          </reporter-output>
        </test-method> <!-- createCampaignTest -->
        <test-method is-config="true" signature="afterMethod()[pri:0, instance:Campaign.CampaignTest@78e4deb0]" started-at="2025-08-12T15:57:24 IST" name="afterMethod" finished-at="2025-08-12T15:57:26 IST" duration-ms="1661" status="PASS">
          <reporter-output>
          </reporter-output>
        </test-method> <!-- afterMethod -->
        <test-method is-config="true" signature="beforeMethod()[pri:0, instance:Campaign.CampaignTest@78e4deb0]" started-at="2025-08-12T15:57:26 IST" name="beforeMethod" finished-at="2025-08-12T15:57:28 IST" duration-ms="1797" status="PASS">
          <reporter-output>
          </reporter-output>
        </test-method> <!-- beforeMethod -->
        <test-method signature="createCampaignWithExpectedDate()[pri:0, instance:Campaign.CampaignTest@78e4deb0]" started-at="2025-08-12T15:57:28 IST" name="createCampaignWithExpectedDate" finished-at="2025-08-12T15:57:37 IST" duration-ms="9513" status="PASS">
          <reporter-output>
          </reporter-output>
        </test-method> <!-- createCampaignWithExpectedDate -->
        <test-method is-config="true" signature="afterMethod()[pri:0, instance:Campaign.CampaignTest@78e4deb0]" started-at="2025-08-12T15:57:37 IST" name="afterMethod" finished-at="2025-08-12T15:57:38 IST" duration-ms="1217" status="PASS">
          <reporter-output>
          </reporter-output>
        </test-method> <!-- afterMethod -->
        <test-method is-config="true" signature="afterClass()[pri:0, instance:Campaign.CampaignTest@78e4deb0]" started-at="2025-08-12T15:57:38 IST" name="afterClass" finished-at="2025-08-12T15:57:39 IST" duration-ms="437" status="PASS">
          <reporter-output>
          </reporter-output>
        </test-method> <!-- afterClass -->
        <test-method is-config="true" signature="afterSuite()[pri:0, instance:Campaign.CampaignTest@78e4deb0]" started-at="2025-08-12T15:57:39 IST" name="afterSuite" finished-at="2025-08-12T15:57:39 IST" duration-ms="0" status="PASS">
          <reporter-output>
          </reporter-output>
        </test-method> <!-- afterSuite -->
      </class> <!-- Campaign.CampaignTest -->
    </test> <!-- Default test -->
  </suite> <!-- Default suite -->
</testng-results>
